<?xml version="1.0" encoding="UTF-8"?>
<testsuite xmlns:xsi="http://www.w3.org/2001/XMLSchema-instance" xsi:noNamespaceSchemaLocation="https://maven.apache.org/surefire/maven-surefire-plugin/xsd/surefire-test-report-3.0.xsd" version="3.0" name="com.sgvet.base.AppTest" time="0.035" tests="1" errors="0" skipped="0" failures="0">
  <properties>
    <property name="java.specification.version" value="17"/>
    <property name="sun.cpu.isalist" value="amd64"/>
    <property name="sun.jnu.encoding" value="Cp1252"/>
    <property name="java.class.path" value="C:\Users\pato7\repositorio1\sgvet\base\target\test-classes;C:\Users\pato7\repositorio1\sgvet\base\target\classes;C:\Users\pato7\.m2\repository\junit\junit\3.8.1\junit-3.8.1.jar;C:\Users\pato7\.m2\repository\org\apache\derby\derby\10.15.2.0\derby-10.15.2.0.jar;C:\Users\pato7\.m2\repository\org\apache\derby\derbyshared\10.15.2.0\derbyshared-10.15.2.0.jar;"/>
    <property name="java.vm.vendor" value="Oracle Corporation"/>
    <property name="sun.arch.data.model" value="64"/>
    <property name="user.variant" value=""/>
    <property name="java.vendor.url" value="https://java.oracle.com/"/>
    <property name="user.timezone" value="America/Asuncion"/>
    <property name="os.name" value="Windows 11"/>
    <property name="java.vm.specification.version" value="17"/>
    <property name="sun.java.launcher" value="SUN_STANDARD"/>
    <property name="user.country" value="ES"/>
    <property name="sun.boot.library.path" value="C:\Program Files\Java\jdk-17\bin"/>
    <property name="sun.java.command" value="C:\Users\pato7\AppData\Local\Temp\surefire16937056135965522216\surefirebooter-20250725183644469_3.jar C:\Users\pato7\AppData\Local\Temp\surefire16937056135965522216 2025-07-25T18-36-43_751-jvmRun1 surefire-20250725183644469_1tmp surefire_0-20250725183644469_2tmp"/>
    <property name="jdk.debug" value="release"/>
    <property name="surefire.test.class.path" value="C:\Users\pato7\repositorio1\sgvet\base\target\test-classes;C:\Users\pato7\repositorio1\sgvet\base\target\classes;C:\Users\pato7\.m2\repository\junit\junit\3.8.1\junit-3.8.1.jar;C:\Users\pato7\.m2\repository\org\apache\derby\derby\10.15.2.0\derby-10.15.2.0.jar;C:\Users\pato7\.m2\repository\org\apache\derby\derbyshared\10.15.2.0\derbyshared-10.15.2.0.jar;"/>
    <property name="sun.cpu.endian" value="little"/>
    <property name="user.home" value="C:\Users\pato7"/>
    <property name="user.language" value="es"/>
    <property name="java.specification.vendor" value="Oracle Corporation"/>
    <property name="java.version.date" value="2024-04-16"/>
    <property name="java.home" value="C:\Program Files\Java\jdk-17"/>
    <property name="file.separator" value="\"/>
    <property name="basedir" value="C:\Users\pato7\repositorio1\sgvet\base"/>
    <property name="java.vm.compressedOopsMode" value="32-bit"/>
    <property name="line.separator" value="&#10;"/>
    <property name="java.vm.specification.vendor" value="Oracle Corporation"/>
    <property name="java.specification.name" value="Java Platform API Specification"/>
    <property name="surefire.real.class.path" value="C:\Users\pato7\AppData\Local\Temp\surefire16937056135965522216\surefirebooter-20250725183644469_3.jar"/>
    <property name="user.script" value=""/>
    <property name="sun.management.compiler" value="HotSpot 64-Bit Tiered Compilers"/>
    <property name="java.runtime.version" value="17.0.11+7-LTS-207"/>
    <property name="user.name" value="Gustavo"/>
    <property name="path.separator" value=";"/>
    <property name="os.version" value="10.0"/>
    <property name="java.runtime.name" value="Java(TM) SE Runtime Environment"/>
    <property name="file.encoding" value="Cp1252"/>
    <property name="java.vm.name" value="Java HotSpot(TM) 64-Bit Server VM"/>
    <property name="localRepository" value="C:\Users\pato7\.m2\repository"/>
    <property name="java.vendor.url.bug" value="https://bugreport.java.com/bugreport/"/>
    <property name="java.io.tmpdir" value="C:\Users\pato7\AppData\Local\Temp\"/>
    <property name="idea.version" value="2025.1.3"/>
    <property name="java.version" value="17.0.11"/>
    <property name="user.dir" value="C:\Users\pato7\repositorio1\sgvet\base"/>
    <property name="os.arch" value="amd64"/>
    <property name="java.vm.specification.name" value="Java Virtual Machine Specification"/>
    <property name="sun.os.patch.level" value=""/>
    <property name="native.encoding" value="Cp1252"/>
    <property name="java.library.path" value="C:\Program Files\Java\jdk-17\bin;C:\WINDOWS\Sun\Java\bin;C:\WINDOWS\system32;C:\WINDOWS;c:\Users\pato7\AppData\Local\Programs\cursor\resources\app\bin;C:\app\Gustavo\product\21c\dbhomeXE\bin;c:\Users\TEMP.DESKTOP-SINSE0K\AppData\Local\Programs\cursor\resources\app\bin;c:\Users\TEMP.DESKTOP-SINSE0K\AppData\Local\Programs\cursor\resources\app\bin;C:\Program Files\Common Files\Oracle\Java\javapath;c:\Users\TEMP.DESKTOP-SINSE0K\AppData\Local\Programs\cursor\resources\app\bin;C:\WINDOWS\system32;C:\WINDOWS;C:\WINDOWS\System32\Wbem;C:\WINDOWS\System32\WindowsPowerShell\v1.0\;C:\WINDOWS\System32\OpenSSH\;C:\Users\Gustavo\AppData\Local\nvm;C:\nvm4w\nodejs;C:\Program Files\Git\cmd;C:\Users\TEMP.DESKTOP-SINSE0K\AppData\Local\Microsoft\WindowsApps;C:\Users\Gustavo\AppData\Local\nvm;C:\Users\TEMP.DESKTOP-SINSE0K\nodejs;C:\Users\TEMP.DESKTOP-SINSE0K\AppData\Local\GitHubDesktop\bin;c:\Users\TEMP.DESKTOP-SINSE0K\AppData\Local\Programs\cursor\resources\app\bin;C:\Users\TEMP.DESKTOP-SINSE0K\AppData\Local\Microsoft\WindowsApps;C:\Users\TEMP.DESKTOP-SINSE0K\AppData\Local\GitHubDesktop\bin;c:\Users\TEMP.DESKTOP-SIN;C:\Program Files\nodejs\;C:\Program Files\Docker\Docker\resources\bin;C:\Program Files (x86)\Windows Kits\10\Windows Performance Toolkit\;C:\Program Files\PuTTY\;C:\ProgramData\chocolatey\bin;C:\Users\pato7\AppData\Local\Android\Sdk\cmdline-tools\latest\bin;C:\Users\pato7\Documents\flutter\bin;C:\Users\pato7\AppData\Local\Microsoft\WindowsApps;C:\Users\pato7\AppData\Local\GitHubDesktop\bin;C:\Users\pato7\AppData\Local\Programs\Microsoft VS Code\bin;C:\Users\pato7\AppData\Local\Programs\cursor\resources\app\bin;C:\Users\pato7\AppData\Roaming\npm;;."/>
    <property name="java.vm.info" value="mixed mode, sharing"/>
    <property name="java.vendor" value="Oracle Corporation"/>
    <property name="java.vm.version" value="17.0.11+7-LTS-207"/>
    <property name="sun.io.unicode.encoding" value="UnicodeLittle"/>
    <property name="java.class.version" value="61.0"/>
  </properties>
  <testcase name="testApp" classname="com.sgvet.base.AppTest" time="0.004"/>
</testsuite>