<?xml version="1.0" encoding="UTF-8"?>
<testsuite xmlns:xsi="http://www.w3.org/2001/XMLSchema-instance" xsi:noNamespaceSchemaLocation="https://maven.apache.org/surefire/maven-surefire-plugin/xsd/surefire-test-report-3.0.xsd" version="3.0" name="com.sgvet.base.AppTest" time="0.11" tests="1" errors="0" skipped="0" failures="0">
  <properties>
    <property name="java.specification.version" value="22"/>
    <property name="sun.cpu.isalist" value="amd64"/>
    <property name="sun.jnu.encoding" value="Cp1252"/>
    <property name="java.class.path" value="C:\Users\abrah\Documents\Repositorio\sgvet\base\target\test-classes;C:\Users\abrah\Documents\Repositorio\sgvet\base\target\classes;C:\Users\abrah\.m2\repository\junit\junit\3.8.1\junit-3.8.1.jar;C:\Users\abrah\.m2\repository\org\apache\derby\derby\10.15.2.0\derby-10.15.2.0.jar;C:\Users\abrah\.m2\repository\org\apache\derby\derbyshared\10.15.2.0\derbyshared-10.15.2.0.jar;"/>
    <property name="java.vm.vendor" value="Oracle Corporation"/>
    <property name="sun.arch.data.model" value="64"/>
    <property name="user.variant" value=""/>
    <property name="java.vendor.url" value="https://java.oracle.com/"/>
    <property name="user.timezone" value="America/Asuncion"/>
    <property name="os.name" value="Windows 11"/>
    <property name="java.vm.specification.version" value="22"/>
    <property name="sun.java.launcher" value="SUN_STANDARD"/>
    <property name="user.country" value="PY"/>
    <property name="sun.boot.library.path" value="C:\Program Files\Java\jdk-22\bin"/>
    <property name="sun.java.command" value="C:\Users\abrah\AppData\Local\Temp\surefire4048286191792905759\surefirebooter-20250720195458703_3.jar C:\Users\abrah\AppData\Local\Temp\surefire4048286191792905759 2025-07-20T19-54-54_544-jvmRun1 surefire-20250720195458703_1tmp surefire_0-20250720195458703_2tmp"/>
    <property name="jdk.debug" value="release"/>
    <property name="surefire.test.class.path" value="C:\Users\abrah\Documents\Repositorio\sgvet\base\target\test-classes;C:\Users\abrah\Documents\Repositorio\sgvet\base\target\classes;C:\Users\abrah\.m2\repository\junit\junit\3.8.1\junit-3.8.1.jar;C:\Users\abrah\.m2\repository\org\apache\derby\derby\10.15.2.0\derby-10.15.2.0.jar;C:\Users\abrah\.m2\repository\org\apache\derby\derbyshared\10.15.2.0\derbyshared-10.15.2.0.jar;"/>
    <property name="sun.cpu.endian" value="little"/>
    <property name="user.home" value="C:\Users\abrah"/>
    <property name="user.language" value="es"/>
    <property name="java.specification.vendor" value="Oracle Corporation"/>
    <property name="java.version.date" value="2024-04-16"/>
    <property name="java.home" value="C:\Program Files\Java\jdk-22"/>
    <property name="file.separator" value="\"/>
    <property name="basedir" value="C:\Users\abrah\Documents\Repositorio\sgvet\base"/>
    <property name="java.vm.compressedOopsMode" value="32-bit"/>
    <property name="line.separator" value="&#10;"/>
    <property name="java.vm.specification.vendor" value="Oracle Corporation"/>
    <property name="java.specification.name" value="Java Platform API Specification"/>
    <property name="surefire.real.class.path" value="C:\Users\abrah\AppData\Local\Temp\surefire4048286191792905759\surefirebooter-20250720195458703_3.jar"/>
    <property name="user.script" value=""/>
    <property name="sun.management.compiler" value="HotSpot 64-Bit Tiered Compilers"/>
    <property name="java.runtime.version" value="22.0.1+8-16"/>
    <property name="user.name" value="abrah"/>
    <property name="stdout.encoding" value="Cp1252"/>
    <property name="path.separator" value=";"/>
    <property name="os.version" value="10.0"/>
    <property name="java.runtime.name" value="Java(TM) SE Runtime Environment"/>
    <property name="file.encoding" value="UTF-8"/>
    <property name="java.vm.name" value="Java HotSpot(TM) 64-Bit Server VM"/>
    <property name="localRepository" value="C:\Users\abrah\.m2\repository"/>
    <property name="java.vendor.url.bug" value="https://bugreport.java.com/bugreport/"/>
    <property name="java.io.tmpdir" value="C:\Users\abrah\AppData\Local\Temp\"/>
    <property name="idea.version" value="2024.1.1"/>
    <property name="java.version" value="22.0.1"/>
    <property name="user.dir" value="C:\Users\abrah\Documents\Repositorio\sgvet\base"/>
    <property name="os.arch" value="amd64"/>
    <property name="java.vm.specification.name" value="Java Virtual Machine Specification"/>
    <property name="sun.os.patch.level" value=""/>
    <property name="native.encoding" value="Cp1252"/>
    <property name="java.library.path" value="C:\Program Files\Java\jdk-22\bin;C:\WINDOWS\Sun\Java\bin;C:\WINDOWS\system32;C:\WINDOWS;C:\Program Files\Common Files\Oracle\Java\javapath;C:\WINDOWS\system32;C:\WINDOWS;C:\WINDOWS\System32\Wbem;C:\WINDOWS\System32\WindowsPowerShell\v1.0\;C:\WINDOWS\System32\OpenSSH\;C:\Program Files\Git\cmd;C:\Program Files\Docker\Docker\resources\bin;C:\Users\abrah\AppData\Roaming\nvm;C:\Program Files\nodejs;C:\Program Files (x86)\Windows Kits\10\Windows Performance Toolkit\;C:\Users\abrah\AppData\Local\Programs\Python\Python312\Scripts\;C:\Users\abrah\AppData\Local\Programs\Python\Python312\;C:\Users\abrah\AppData\Local\Programs\Python\Launcher\;C:\Users\abrah\AppData\Local\Microsoft\WindowsApps;C:\Users\abrah\AppData\Local\Programs\Microsoft VS Code\bin;C:\Users\abrah\Downloads\apache-maven-3.9.8-bin\apache-maven-3.9.8\bin;C:\Users\abrah\AppData\Roaming\nvm;C:\Program Files\nodejs;C:\Users\abrah\AppData\Local\GitHubDesktop\bin;C:\Users\abrah\AppData\Local\Programs\cursor\resources\app\bin;C:\Users\abrah\OneDrive\Escritorio\AD\flutter\bin;."/>
    <property name="java.vm.info" value="mixed mode, sharing"/>
    <property name="stderr.encoding" value="Cp1252"/>
    <property name="java.vendor" value="Oracle Corporation"/>
    <property name="java.vm.version" value="22.0.1+8-16"/>
    <property name="sun.io.unicode.encoding" value="UnicodeLittle"/>
    <property name="java.class.version" value="66.0"/>
  </properties>
  <testcase name="testApp" classname="com.sgvet.base.AppTest" time="0.007"/>
</testsuite>