<?xml version="1.0" encoding="UTF-8"?>
<testsuite xmlns:xsi="http://www.w3.org/2001/XMLSchema-instance" xsi:noNamespaceSchemaLocation="https://maven.apache.org/surefire/maven-surefire-plugin/xsd/surefire-test-report-3.0.xsd" version="3.0" name="com.sgvet.base.AppTest" time="0.038" tests="1" errors="0" skipped="0" failures="0">
  <properties>
    <property name="java.specification.version" value="24"/>
    <property name="sun.cpu.isalist" value="amd64"/>
    <property name="sun.jnu.encoding" value="Cp1252"/>
    <property name="java.class.path" value="C:\Users\MSI GAMER\Documents\repositorio\sgvet\base\target\test-classes;C:\Users\MSI GAMER\Documents\repositorio\sgvet\base\target\classes;C:\Users\MSI GAMER\.m2\repository\junit\junit\3.8.1\junit-3.8.1.jar;C:\Users\MSI GAMER\.m2\repository\org\apache\derby\derby\10.15.2.0\derby-10.15.2.0.jar;C:\Users\MSI GAMER\.m2\repository\org\apache\derby\derbyshared\10.15.2.0\derbyshared-10.15.2.0.jar;"/>
    <property name="java.vm.vendor" value="Oracle Corporation"/>
    <property name="sun.arch.data.model" value="64"/>
    <property name="user.variant" value=""/>
    <property name="java.vendor.url" value="https://java.oracle.com/"/>
    <property name="user.timezone" value="America/Asuncion"/>
    <property name="os.name" value="Windows 11"/>
    <property name="java.vm.specification.version" value="24"/>
    <property name="sun.java.launcher" value="SUN_STANDARD"/>
    <property name="user.country" value="PY"/>
    <property name="sun.boot.library.path" value="C:\Program Files\Java\jdk-24\bin"/>
    <property name="sun.java.command" value="C:\Users\MSI GAMER\AppData\Local\Temp\surefire6190097002889572851\surefirebooter-20250725140057603_3.jar C:\Users\MSI GAMER\AppData\Local\Temp\surefire6190097002889572851 2025-07-25T14-00-57_217-jvmRun1 surefire-20250725140057603_1tmp surefire_0-20250725140057603_2tmp"/>
    <property name="jdk.debug" value="release"/>
    <property name="surefire.test.class.path" value="C:\Users\MSI GAMER\Documents\repositorio\sgvet\base\target\test-classes;C:\Users\MSI GAMER\Documents\repositorio\sgvet\base\target\classes;C:\Users\MSI GAMER\.m2\repository\junit\junit\3.8.1\junit-3.8.1.jar;C:\Users\MSI GAMER\.m2\repository\org\apache\derby\derby\10.15.2.0\derby-10.15.2.0.jar;C:\Users\MSI GAMER\.m2\repository\org\apache\derby\derbyshared\10.15.2.0\derbyshared-10.15.2.0.jar;"/>
    <property name="sun.cpu.endian" value="little"/>
    <property name="user.home" value="C:\Users\MSI GAMER"/>
    <property name="user.language" value="es"/>
    <property name="java.specification.vendor" value="Oracle Corporation"/>
    <property name="java.version.date" value="2025-04-15"/>
    <property name="java.home" value="C:\Program Files\Java\jdk-24"/>
    <property name="file.separator" value="\"/>
    <property name="basedir" value="C:\Users\MSI GAMER\Documents\repositorio\sgvet\base"/>
    <property name="java.vm.compressedOopsMode" value="Zero based"/>
    <property name="line.separator" value="&#10;"/>
    <property name="java.vm.specification.vendor" value="Oracle Corporation"/>
    <property name="java.specification.name" value="Java Platform API Specification"/>
    <property name="surefire.real.class.path" value="C:\Users\MSI GAMER\AppData\Local\Temp\surefire6190097002889572851\surefirebooter-20250725140057603_3.jar"/>
    <property name="user.script" value=""/>
    <property name="sun.management.compiler" value="HotSpot 64-Bit Tiered Compilers"/>
    <property name="java.runtime.version" value="24.0.1+9-30"/>
    <property name="user.name" value="MSI GAMER"/>
    <property name="stdout.encoding" value="Cp1252"/>
    <property name="path.separator" value=";"/>
    <property name="os.version" value="10.0"/>
    <property name="java.runtime.name" value="Java(TM) SE Runtime Environment"/>
    <property name="file.encoding" value="UTF-8"/>
    <property name="java.vm.name" value="Java HotSpot(TM) 64-Bit Server VM"/>
    <property name="localRepository" value="C:\Users\MSI GAMER\.m2\repository"/>
    <property name="java.vendor.url.bug" value="https://bugreport.java.com/bugreport/"/>
    <property name="java.io.tmpdir" value="C:\Users\MSIGAM~1\AppData\Local\Temp\"/>
    <property name="idea.version" value="2025.1.3"/>
    <property name="java.version" value="24.0.1"/>
    <property name="user.dir" value="C:\Users\MSI GAMER\Documents\repositorio\sgvet\base"/>
    <property name="os.arch" value="amd64"/>
    <property name="java.vm.specification.name" value="Java Virtual Machine Specification"/>
    <property name="sun.os.patch.level" value=""/>
    <property name="native.encoding" value="Cp1252"/>
    <property name="java.library.path" value="C:\Program Files\Java\jdk-24\bin;C:\WINDOWS\Sun\Java\bin;C:\WINDOWS\system32;C:\WINDOWS;C:\Program Files\Common Files\Oracle\Java\javapath;C:\Program Files (x86)\Common Files\Oracle\Java\java8path;C:\Program Files (x86)\Common Files\Oracle\Java\javapath;C:\ProgramData\Oracle\Java\javapath;C:\Windows\system32;C:\Windows;C:\Windows\System32\Wbem;C:\Windows\System32\WindowsPowerShell\v1.0\;C:\Windows\System32\OpenSSH\;C:\Program Files (x86)\NVIDIA Corporation\PhysX\Common;C:\Program Files\NVIDIA Corporation\NVIDIA NvDLISR;C:\WINDOWS\system32;C:\WINDOWS;C:\WINDOWS\System32\Wbem;C:\WINDOWS\System32\WindowsPowerShell\v1.0\;C:\WINDOWS\System32\OpenSSH\;C:\Users\MSI GAMER\AppData\Local\nvm;C:\nvm4w\nodejs;C:\Program Files\Docker\Docker\resources\bin;C:\Program Files\Git\cmd;C:\Dev\flutter\bin;C:\Program Files\Android\Android Studio\bin;C:\Users\MSI GAMER\AppData\Local\Android\Sdk;C:\Program Files\Google\Chrome\Application;C:\Users\MSI GAMER\Downloads\openjdk-24.0.1_windows-x64_bin\jdk-24.0.1\bin;C:\Users\MSI GAMER\AppData\Local\Programs\Python\Launcher\;C:\Users\MSI GAMER\AppData\Local\Microsoft\WindowsApps;C:\Users\MSI GAMER\AppData\Local\nvm;C:\nvm4w\nodejs;C:\Users\MSI GAMER\AppData\Local\Programs\Microsoft VS Code\bin;C:\Dev\flutter\bin;C:\Program Files\Android\Android Studio\bin;C:\Users\MSI GAMER\AppData\Local\Android\Sdk;C:\Program Files\Google\Chrome\Application;C:\Users\MSI GAMER\AppData\Local\Programs\cursor\resources\app\bin;C:\Program Files\JetBrains\IntelliJ IDEA 2025.1.3\bin;;."/>
    <property name="java.vm.info" value="mixed mode, sharing"/>
    <property name="stderr.encoding" value="Cp1252"/>
    <property name="java.vendor" value="Oracle Corporation"/>
    <property name="java.vm.version" value="24.0.1+9-30"/>
    <property name="sun.io.unicode.encoding" value="UnicodeLittle"/>
    <property name="java.class.version" value="68.0"/>
  </properties>
  <testcase name="testApp" classname="com.sgvet.base.AppTest" time="0.004"/>
</testsuite>